2017-12-22 14:21:26,806 INFO o.a.j.u.JMeterUtils: Setting Locale to en_US
2017-12-22 14:21:26,830 INFO o.a.j.JMeter: Loading user properties from: user.properties
2017-12-22 14:21:26,830 INFO o.a.j.JMeter: Loading system properties from: system.properties
2017-12-22 14:21:26,831 INFO o.a.j.JMeter: Setting JMeter property: jmeter.save.saveservice.output_format=csv
2017-12-22 14:21:26,831 INFO o.a.j.JMeter: Setting JMeter property: jmeter.save.saveservice.assertion_results=all
2017-12-22 14:21:26,831 INFO o.a.j.JMeter: Setting JMeter property: jmeter.save.saveservice.thread_counts=true
2017-12-22 14:21:26,831 INFO o.a.j.JMeter: Setting JMeter property: jmeter.save.saveservice.bytes=true
2017-12-22 14:21:26,832 INFO o.a.j.JMeter: Setting JMeter property: jmeter.save.saveservice.response_data.on_error=true
2017-12-22 14:21:26,832 INFO o.a.j.JMeter: Setting JMeter property: threadgroup.count=2
2017-12-22 14:21:26,832 INFO o.a.j.JMeter: Setting JMeter property: threadgroup.rampup=2
2017-12-22 14:21:26,832 INFO o.a.j.JMeter: Setting JMeter property: threadgroup.duration=60
2017-12-22 14:21:26,838 INFO o.a.j.JMeter: Copyright (c) 1998-2017 The Apache Software Foundation
2017-12-22 14:21:26,838 INFO o.a.j.JMeter: Version 3.2 r1790748
2017-12-22 14:21:26,838 INFO o.a.j.JMeter: java.version=1.8.0_92
2017-12-22 14:21:26,838 INFO o.a.j.JMeter: java.vm.name=Java HotSpot(TM) 64-Bit Server VM
2017-12-22 14:21:26,838 INFO o.a.j.JMeter: os.name=Mac OS X
2017-12-22 14:21:26,838 INFO o.a.j.JMeter: os.arch=x86_64
2017-12-22 14:21:26,838 INFO o.a.j.JMeter: os.version=10.12.6
2017-12-22 14:21:26,838 INFO o.a.j.JMeter: file.encoding=UTF-8
2017-12-22 14:21:26,838 INFO o.a.j.JMeter: Max memory     =4772593664
2017-12-22 14:21:26,839 INFO o.a.j.JMeter: Available Processors =4
2017-12-22 14:21:26,843 INFO o.a.j.JMeter: Default Locale=English (United States)
2017-12-22 14:21:26,843 INFO o.a.j.JMeter: JMeter  Locale=English (United States)
2017-12-22 14:21:26,843 INFO o.a.j.JMeter: JMeterHome=/usr/local/Cellar/jmeter/3.2/libexec
2017-12-22 14:21:26,844 INFO o.a.j.JMeter: user.dir  =/usr/local/Cellar/jmeter/3.2/libexec/bin
2017-12-22 14:21:26,844 INFO o.a.j.JMeter: PWD       =/usr/local/Cellar/jmeter/3.2/libexec/bin
2017-12-22 14:21:26,845 INFO o.a.j.JMeter: IP: 192.168.1.93 Name: PDYM25.local FullName: 192.168.1.93
2017-12-22 14:21:26,849 INFO o.a.j.s.FileServer: Default base='/usr/local/Cellar/jmeter/3.2/libexec/bin'
2017-12-22 14:21:26,849 INFO o.a.j.s.FileServer: Set new base='/Users/mobileapps/anbarasu/citygoo/jmeter-ant/test'
2017-12-22 14:21:26,996 INFO o.a.j.s.SaveService: Testplan (JMX) version: 2.2. Testlog (JTL) version: 2.2
2017-12-22 14:21:27,012 INFO o.a.j.s.SaveService: Using SaveService properties file encoding UTF-8
2017-12-22 14:21:27,019 INFO o.a.j.s.SaveService: Using SaveService properties version 3.2
2017-12-22 14:21:27,026 INFO o.a.j.s.SaveService: Loading file: /Users/mobileapps/anbarasu/citygoo/jmeter-ant/test/final_benchmark.jmx
2017-12-22 14:21:27,151 INFO o.a.j.p.h.s.HTTPSamplerBase: Parser for text/html is org.apache.jmeter.protocol.http.parser.LagartoBasedHtmlParser
2017-12-22 14:21:27,151 INFO o.a.j.p.h.s.HTTPSamplerBase: Parser for application/xhtml+xml is org.apache.jmeter.protocol.http.parser.LagartoBasedHtmlParser
2017-12-22 14:21:27,151 INFO o.a.j.p.h.s.HTTPSamplerBase: Parser for application/xml is org.apache.jmeter.protocol.http.parser.LagartoBasedHtmlParser
2017-12-22 14:21:27,151 INFO o.a.j.p.h.s.HTTPSamplerBase: Parser for text/xml is org.apache.jmeter.protocol.http.parser.LagartoBasedHtmlParser
2017-12-22 14:21:27,151 INFO o.a.j.p.h.s.HTTPSamplerBase: Parser for text/vnd.wap.wml is org.apache.jmeter.protocol.http.parser.RegexpHTMLParser
2017-12-22 14:21:27,152 INFO o.a.j.p.h.s.HTTPSamplerBase: Parser for text/css is org.apache.jmeter.protocol.http.parser.CssParser
2017-12-22 14:21:27,896 INFO o.a.j.JMeter: Creating summariser <summary>
2017-12-22 14:21:27,902 INFO o.a.j.e.StandardJMeterEngine: Running the test!
2017-12-22 14:21:27,903 INFO o.a.j.s.SampleEvent: List of sample_variables: []
2017-12-22 14:21:27,903 INFO o.a.j.s.SampleEvent: List of sample_variables: []
2017-12-22 14:21:27,911 INFO o.a.j.e.u.CompoundVariable: Note: Function class names must contain the string: '.functions.'
2017-12-22 14:21:27,911 INFO o.a.j.e.u.CompoundVariable: Note: Function class names must not contain the string: '.gui.'
2017-12-22 14:21:30,623 INFO o.a.j.JMeter: Running test (1513932690623)
2017-12-22 14:21:30,678 INFO o.a.j.e.StandardJMeterEngine: Starting ThreadGroup: 1 : jp@gc - Ultimate Thread Group
2017-12-22 14:21:30,679 INFO o.a.j.e.StandardJMeterEngine: Starting 0 threads for group jp@gc - Ultimate Thread Group.
2017-12-22 14:21:30,679 INFO o.a.j.e.StandardJMeterEngine: Thread will continue on error
2017-12-22 14:21:30,679 INFO k.a.j.t.AbstractSimpleThreadGroup: Starting thread group number 1 threads 0
2017-12-22 14:21:30,679 INFO k.a.j.t.AbstractSimpleThreadGroup: Started thread group number 1
2017-12-22 14:21:30,679 INFO o.a.j.e.StandardJMeterEngine: All thread groups have been started
2017-12-22 14:21:30,679 INFO o.a.j.e.StandardJMeterEngine: Notifying test listeners of end of test
2017-12-22 14:21:30,680 INFO o.a.j.r.Summariser: summary =      0 in 00:00:00 = ******/s Avg:     0 Min: 9223372036854775807 Max: -9223372036854775808 Err:     0 (0.00%)
