2017-12-22 14:21:17,631 INFO o.a.j.u.JMeterUtils: Setting Locale to en_US
2017-12-22 14:21:17,650 INFO o.a.j.JMeter: Loading user properties from: /usr/local/Cellar/jmeter/3.2/libexec/bin/user.properties
2017-12-22 14:21:17,650 INFO o.a.j.JMeter: Loading system properties from: /usr/local/Cellar/jmeter/3.2/libexec/bin/system.properties
2017-12-22 14:21:17,656 INFO o.a.j.JMeter: Copyright (c) 1998-2017 The Apache Software Foundation
2017-12-22 14:21:17,656 INFO o.a.j.JMeter: Version 3.2 r1790748
2017-12-22 14:21:17,656 INFO o.a.j.JMeter: java.version=1.8.0_92
2017-12-22 14:21:17,656 INFO o.a.j.JMeter: java.vm.name=Java HotSpot(TM) 64-Bit Server VM
2017-12-22 14:21:17,656 INFO o.a.j.JMeter: os.name=Mac OS X
2017-12-22 14:21:17,657 INFO o.a.j.JMeter: os.arch=x86_64
2017-12-22 14:21:17,657 INFO o.a.j.JMeter: os.version=10.12.6
2017-12-22 14:21:17,657 INFO o.a.j.JMeter: file.encoding=UTF-8
2017-12-22 14:21:17,657 INFO o.a.j.JMeter: Max memory     =1431830528
2017-12-22 14:21:17,657 INFO o.a.j.JMeter: Available Processors =4
2017-12-22 14:21:17,661 INFO o.a.j.JMeter: Default Locale=English (United States)
2017-12-22 14:21:17,662 INFO o.a.j.JMeter: JMeter  Locale=English (United States)
2017-12-22 14:21:17,662 INFO o.a.j.JMeter: JMeterHome=/usr/local/Cellar/jmeter/3.2/libexec
2017-12-22 14:21:17,662 INFO o.a.j.JMeter: user.dir  =/Users/mobileapps/anbarasu/citygoo/jmeter-ant
2017-12-22 14:21:17,662 INFO o.a.j.JMeter: PWD       =/Users/mobileapps/anbarasu/citygoo/jmeter-ant
2017-12-22 14:21:17,664 INFO o.a.j.JMeter: IP: 192.168.1.93 Name: PDYM25.local FullName: 192.168.1.93
2017-12-22 14:21:17,684 ERROR o.a.j.JMeter: An error occurred: 
java.lang.IllegalArgumentException: Cannot write to '/Users/mobileapps/anbarasu/citygoo/jmeter-ant/output' as folder is not empty
	at org.apache.jorphan.util.JOrphanUtils.canSafelyWriteToFolder(JOrphanUtils.java:609) ~[jorphan.jar:3.2 r1790748]
	at org.apache.jmeter.JMeter.extractAndSetReportOutputFolder(JMeter.java:567) ~[ApacheJMeter_core.jar:3.2 r1790748]
	at org.apache.jmeter.JMeter.start(JMeter.java:515) [ApacheJMeter_core.jar:3.2 r1790748]
	at sun.reflect.NativeMethodAccessorImpl.invoke0(Native Method) ~[?:1.8.0_92]
	at sun.reflect.NativeMethodAccessorImpl.invoke(NativeMethodAccessorImpl.java:62) ~[?:1.8.0_92]
	at sun.reflect.DelegatingMethodAccessorImpl.invoke(DelegatingMethodAccessorImpl.java:43) ~[?:1.8.0_92]
	at java.lang.reflect.Method.invoke(Method.java:498) ~[?:1.8.0_92]
	at org.apache.jmeter.NewDriver.main(NewDriver.java:248) [ApacheJMeter.jar:3.2 r1790748]
